<?xml version="1.0" encoding="UTF-8"?>
<!-- Generated by org.testng.reporters.JUnitReportReporter -->
<testsuite hostname="LAPTOP-CNPB3TNK" failures="0" tests="2" name="com.TestRunner.TestNG_TestRunner" time="46.981" errors="0" timestamp="2024-06-27T11:02:42 IST" skipped="0">
  <testcase classname="com.TestRunner.TestNG_TestRunner" name="runScenario" time="12.041"/>
  <system-out/>
  <testcase classname="com.TestRunner.TestNG_TestRunner" name="runScenario" time="34.940"/>
  <system-out/>
</testsuite> <!-- com.TestRunner.TestNG_TestRunner -->
